2025-07-03 15:24:40,860 - INFO - 🚀 CV Automation Pipeline Started
2025-07-03 15:24:40,860 - INFO - 📁 Created new CV folder: /Users/abdulwaseo/PycharmProjects/JupyterProject2/CV_automation/CVs
2025-07-03 15:24:40,861 - INFO - 📁 Created new filtered folder: /Users/abdulwaseo/PycharmProjects/JupyterProject2/CV_automation/filtered_cvs
2025-07-03 15:24:40,861 - INFO - 📡 Connecting to Gmail IMAP...
2025-07-03 15:24:45,202 - INFO - ✅ Logged in and folder selected.
2025-07-03 15:24:45,203 - INFO - 🔍 Email search criteria: ['SINCE', '01-Jul-2025', 'OR', ['SUBJECT', 'CV'], ['SUBJECT', 'Application']]
2025-07-03 15:24:46,638 - INFO - 📬 Found 2 email(s) with CV/Application.
2025-07-03 15:24:51,494 - INFO - ✅ Downloaded: 64_cv_1.docx
2025-07-03 15:24:51,494 - INFO - ✅ Downloaded: 64_cv_2.pdf
2025-07-03 15:24:51,494 - INFO - ✅ Downloaded: 64_cv_3.docx
2025-07-03 15:24:51,495 - INFO - ✅ Downloaded: 64_cv_5.docx
2025-07-03 15:24:51,495 - INFO - ✅ Downloaded: 64_cv_4.pdf
2025-07-03 15:24:51,497 - INFO - ✅ Downloaded: 64_basit.docx
2025-07-03 15:24:51,497 - INFO - ✅ Downloaded: 64_Abdul_Waseo_CV.docx
2025-07-03 15:24:51,524 - INFO - ✅ Downloaded: 66_Qadeer-CV.pdf
2025-07-03 15:24:51,528 - INFO - ✅ Downloaded: 66_RESUME.pdf
2025-07-03 15:24:51,528 - INFO - 📂 CVs saved in 'CVs/' folder: ['64_cv_1.docx', '64_cv_2.pdf', '64_cv_3.docx', '64_cv_5.docx', '64_cv_4.pdf', '64_basit.docx', '64_Abdul_Waseo_CV.docx', '66_Qadeer-CV.pdf', '66_RESUME.pdf']
2025-07-03 15:24:52,545 - INFO - xref found: pos=b'1123'
2025-07-03 15:24:52,546 - INFO - read_xref_from: start=1123, token=/b'xref'
2025-07-03 15:24:52,546 - INFO - xref objects: {1: (None, 513, 0), 2: (None, 797, 0), 3: (None, 9, 0), 4: (None, 87, 0), 5: (None, 600, 0), 6: (None, 696, 0), 7: (None, 911, 0), 8: (None, 1020, 0)}
2025-07-03 15:24:52,546 - INFO - trailer: {'Size': 9, 'Root': <PDFObjRef:8>, 'Info': <PDFObjRef:7>}
2025-07-03 15:24:52,547 - INFO - trailer: {'Size': 9, 'Root': <PDFObjRef:8>, 'Info': <PDFObjRef:7>}
2025-07-03 15:24:52,547 - INFO - Pages: Kids=[<PDFObjRef:3>]
2025-07-03 15:24:52,547 - INFO - Page: {'Type': /'Page', 'Parent': <PDFObjRef:1>, 'Resources': <PDFObjRef:2>, 'Contents': <PDFObjRef:4>, 'MediaBox': [0, 0, 595.28, 841.89]}
2025-07-03 15:24:52,547 - INFO - Processing page: <PDFPage: Resources={'ProcSet': [/'PDF', /'Text', /'ImageB', /'ImageC', /'ImageI'], 'Font': {'F1': <PDFObjRef:5>, 'F2': <PDFObjRef:6>}, 'XObject': {}}, MediaBox=[0, 0, 595.28, 841.89]>
2025-07-03 15:24:52,547 - INFO - render_contents: resources={'ProcSet': [/'PDF', /'Text', /'ImageB', /'ImageC', /'ImageI'], 'Font': {'F1': <PDFObjRef:5>, 'F2': <PDFObjRef:6>}, 'XObject': {}}, streams=[<PDFStream(4): raw=357, {'Filter': /'FlateDecode', 'Length': 356}>], ctm=(1, 0, 0, 1, 0, 0)
2025-07-03 15:24:52,548 - INFO - get_font: create: objid=5, spec={'Type': /'Font', 'BaseFont': /'Helvetica', 'Subtype': /'Type1', 'Encoding': /'WinAnsiEncoding'}
2025-07-03 15:24:52,548 - INFO - get_font: create: objid=6, spec={'Type': /'Font', 'BaseFont': /'Helvetica-Bold', 'Subtype': /'Type1', 'Encoding': /'WinAnsiEncoding'}
2025-07-03 15:24:52,577 - INFO - ✅ Matched (ATA Score: 44.4%) → 64_cv_2.pdf
2025-07-03 15:24:52,645 - INFO - 🗄️ Archived (ATA Score: 11.1%) → 64_Abdul_Waseo_CV.docx
2025-07-03 15:24:52,645 - INFO - xref found: pos=b'1105'
2025-07-03 15:24:52,645 - INFO - read_xref_from: start=1105, token=/b'xref'
2025-07-03 15:24:52,645 - INFO - xref objects: {1: (None, 495, 0), 2: (None, 779, 0), 3: (None, 9, 0), 4: (None, 87, 0), 5: (None, 582, 0), 6: (None, 678, 0), 7: (None, 893, 0), 8: (None, 1002, 0)}
2025-07-03 15:24:52,645 - INFO - trailer: {'Size': 9, 'Root': <PDFObjRef:8>, 'Info': <PDFObjRef:7>}
2025-07-03 15:24:52,646 - INFO - trailer: {'Size': 9, 'Root': <PDFObjRef:8>, 'Info': <PDFObjRef:7>}
2025-07-03 15:24:52,646 - INFO - Pages: Kids=[<PDFObjRef:3>]
2025-07-03 15:24:52,646 - INFO - Page: {'Type': /'Page', 'Parent': <PDFObjRef:1>, 'Resources': <PDFObjRef:2>, 'Contents': <PDFObjRef:4>, 'MediaBox': [0, 0, 595.28, 841.89]}
2025-07-03 15:24:52,647 - INFO - Processing page: <PDFPage: Resources={'ProcSet': [/'PDF', /'Text', /'ImageB', /'ImageC', /'ImageI'], 'Font': {'F1': <PDFObjRef:5>, 'F2': <PDFObjRef:6>}, 'XObject': {}}, MediaBox=[0, 0, 595.28, 841.89]>
2025-07-03 15:24:52,647 - INFO - render_contents: resources={'ProcSet': [/'PDF', /'Text', /'ImageB', /'ImageC', /'ImageI'], 'Font': {'F1': <PDFObjRef:5>, 'F2': <PDFObjRef:6>}, 'XObject': {}}, streams=[<PDFStream(4): raw=339, {'Filter': /'FlateDecode', 'Length': 338}>], ctm=(1, 0, 0, 1, 0, 0)
2025-07-03 15:24:52,647 - INFO - get_font: create: objid=5, spec={'Type': /'Font', 'BaseFont': /'Helvetica', 'Subtype': /'Type1', 'Encoding': /'WinAnsiEncoding'}
2025-07-03 15:24:52,647 - INFO - get_font: create: objid=6, spec={'Type': /'Font', 'BaseFont': /'Helvetica-Bold', 'Subtype': /'Type1', 'Encoding': /'WinAnsiEncoding'}
2025-07-03 15:24:52,669 - INFO - ✅ Matched (ATA Score: 44.4%) → 64_cv_4.pdf
2025-07-03 15:24:52,698 - INFO - ✅ Matched (ATA Score: 77.8%) → 64_cv_1.docx
2025-07-03 15:24:52,698 - INFO - xref found: pos=b'579099'
2025-07-03 15:24:52,699 - INFO - read_xref_from: start=579099, token=/b'xref'
2025-07-03 15:24:52,699 - INFO - xref objects: {1: (None, 578737, 0), 2: (None, 578619, 0), 3: (None, 578509, 0), 4: (None, 578226, 0), 5: (None, 570380, 0), 6: (None, 185065, 0), 7: (None, 184493, 0), 8: (None, 15, 0), 9: (None, 184744, 0), 10: (None, 185548, 0), 11: (None, 185244, 0), 12: (None, 185496, 0), 13: (None, 364291, 0), 14: (None, 363711, 0), 15: (None, 185734, 0), 16: (None, 363969, 0), 17: (None, 365855, 0), 18: (None, 365530, 0), 19: (None, 365355, 0), 20: (None, 364478, 0), 21: (None, 364553, 0), 22: (None, 364811, 0), 23: (None, 365555, 0), 24: (None, 489466, 0), 25: (None, 488938, 0), 26: (None, 366000, 0), 27: (None, 489200, 0), 28: (None, 491131, 0), 29: (None, 490688, 0), 30: (None, 490518, 0), 31: (None, 489655, 0), 32: (None, 489730, 0), 33: (None, 489982, 0), 34: (None, 490713, 0), 35: (None, 560017, 0), 36: (None, 559693, 0), 37: (None, 559532, 0), 38: (None, 491271, 0), 39: (None, 559232, 0), 40: (None, 491346, 0), 41: (None, 559488, 0), 42: (None, 559718, 0), 43: (None, 560408, 0), 44: (None, 560148, 0), 45: (None, 560386, 0), 46: (None, 560580, 0), 47: (None, 560637, 0), 48: (None, 561186, 0), 49: (None, 560694, 0), 50: (None, 561835, 0), 51: (None, 561411, 0), 52: (None, 562417, 0), 53: (None, 562056, 0), 54: (None, 562861, 0), 55: (None, 562638, 0), 56: (None, 563089, 0), 57: (None, 571053, 0), 58: (None, 571596, 0), 59: (None, 576383, 0), 60: (None, 570941, 0), 61: (None, 577760, 0), 62: (None, 563263, 0), 63: (None, 570997, 0), 64: (None, 563437, 0), 65: (None, 571432, 0), 66: (None, 571376, 0), 67: (None, 563609, 0), 68: (None, 571692, 0), 69: (None, 571148, 0), 70: (None, 570865, 0), 71: (None, 571224, 0), 72: (None, 571300, 0), 73: (None, 571520, 0), 74: (None, 571765, 0), 75: (None, 571839, 0), 76: (None, 571912, 0), 77: (None, 571985, 0), 78: (None, 572058, 0), 79: (None, 572132, 0), 80: (None, 572207, 0), 81: (None, 572281, 0), 82: (None, 572355, 0), 83: (None, 572429, 0), 84: (None, 572503, 0), 85: (None, 572577, 0), 86: (None, 572651, 0), 87: (None, 572725, 0), 88: (None, 572799, 0), 89: (None, 572873, 0), 90: (None, 572947, 0), 91: (None, 573025, 0), 92: (None, 573535, 0), 93: (None, 573094, 0), 94: (None, 573172, 0), 95: (None, 573241, 0), 96: (None, 573319, 0), 97: (None, 573388, 0), 98: (None, 573466, 0), 99: (None, 573624, 0), 100: (None, 573698, 0), 101: (None, 573773, 0), 102: (None, 573853, 0), 103: (None, 574229, 0), 104: (None, 573925, 0), 105: (None, 574005, 0), 106: (None, 574077, 0), 107: (None, 574157, 0), 108: (None, 574315, 0), 109: (None, 574391, 0), 110: (None, 574467, 0), 111: (None, 574542, 0), 112: (None, 574617, 0), 113: (None, 574697, 0), 114: (None, 574769, 0), 115: (None, 574839, 0), 116: (None, 574914, 0), 117: (None, 574994, 0), 118: (None, 575066, 0), 119: (None, 575136, 0), 120: (None, 575211, 0), 121: (None, 575286, 0), 122: (None, 575361, 0), 123: (None, 575436, 0), 124: (None, 575511, 0), 125: (None, 575591, 0), 126: (None, 575671, 0), 127: (None, 575751, 0), 128: (None, 575829, 0), 129: (None, 575909, 0), 130: (None, 575987, 0), 131: (None, 576067, 0), 132: (None, 576145, 0), 133: (None, 576225, 0), 134: (None, 576303, 0), 135: (None, 578869, 0), 136: (None, 576786, 0), 137: (None, 576893, 0), 138: (None, 577021, 0), 139: (None, 577630, 0), 140: (None, 578676, 0)}
2025-07-03 15:24:52,699 - INFO - trailer: {'Size': 141, 'Root': <PDFObjRef:1>, 'Info': <PDFObjRef:135>, 'ID': [b'\xcco\x1dV\x9bj=\x07\xb4Q)Ei\x16?s', b'\xac0\x87k\xbeT52.[\x196\x02\x16\xb5\r']}
2025-07-03 15:24:52,722 - INFO - trailer: {'Size': 141, 'Root': <PDFObjRef:1>, 'Info': <PDFObjRef:135>, 'ID': [b'\xcco\x1dV\x9bj=\x07\xb4Q)Ei\x16?s', b'\xac0\x87k\xbeT52.[\x196\x02\x16\xb5\r']}
2025-07-03 15:24:52,723 - INFO - Pages: Kids=[<PDFObjRef:5>]
2025-07-03 15:24:52,723 - INFO - Page: {'Type': /'Page', 'MediaBox': [0, 0, 612, 792], 'Resources': {'Font': {'F1': <PDFObjRef:6>, 'F2': <PDFObjRef:10>, 'F3': <PDFObjRef:13>, 'F4': <PDFObjRef:17>, 'F5': <PDFObjRef:24>, 'F6': <PDFObjRef:28>, 'F7': <PDFObjRef:35>, 'F8': <PDFObjRef:43>}, 'ExtGState': {'GS7': <PDFObjRef:46>, 'GS8': <PDFObjRef:47>}, 'XObject': {'Image35': <PDFObjRef:48>, 'Image37': <PDFObjRef:50>, 'Image39': <PDFObjRef:52>, 'Image41': <PDFObjRef:54>}, 'ProcSet': [/'PDF', /'Text', /'ImageB', /'ImageC', /'ImageI']}, 'Annots': [<PDFObjRef:56>, <PDFObjRef:62>, <PDFObjRef:64>], 'Contents': <PDFObjRef:67>, 'Group': {'Type': /'Group', 'S': /'Transparency', 'CS': /'DeviceRGB'}, 'Tabs': /'S', 'StructParents': 3, 'Parent': <PDFObjRef:2>}
2025-07-03 15:24:52,723 - INFO - Processing page: <PDFPage: Resources={'Font': {'F1': <PDFObjRef:6>, 'F2': <PDFObjRef:10>, 'F3': <PDFObjRef:13>, 'F4': <PDFObjRef:17>, 'F5': <PDFObjRef:24>, 'F6': <PDFObjRef:28>, 'F7': <PDFObjRef:35>, 'F8': <PDFObjRef:43>}, 'ExtGState': {'GS7': <PDFObjRef:46>, 'GS8': <PDFObjRef:47>}, 'XObject': {'Image35': <PDFObjRef:48>, 'Image37': <PDFObjRef:50>, 'Image39': <PDFObjRef:52>, 'Image41': <PDFObjRef:54>}, 'ProcSet': [/'PDF', /'Text', /'ImageB', /'ImageC', /'ImageI']}, MediaBox=[0, 0, 612, 792]>
2025-07-03 15:24:52,723 - INFO - render_contents: resources={'Font': {'F1': <PDFObjRef:6>, 'F2': <PDFObjRef:10>, 'F3': <PDFObjRef:13>, 'F4': <PDFObjRef:17>, 'F5': <PDFObjRef:24>, 'F6': <PDFObjRef:28>, 'F7': <PDFObjRef:35>, 'F8': <PDFObjRef:43>}, 'ExtGState': {'GS7': <PDFObjRef:46>, 'GS8': <PDFObjRef:47>}, 'XObject': {'Image35': <PDFObjRef:48>, 'Image37': <PDFObjRef:50>, 'Image39': <PDFObjRef:52>, 'Image41': <PDFObjRef:54>}, 'ProcSet': [/'PDF', /'Text', /'ImageB', /'ImageC', /'ImageI']}, streams=[<PDFStream(67): raw=6698, {'Filter': /'FlateDecode', 'Length': 6697}>], ctm=(1, 0, 0, 1, 0, 0)
2025-07-03 15:24:52,723 - INFO - get_font: create: objid=6, spec={'Type': /'Font', 'Subtype': /'TrueType', 'Name': /'F1', 'BaseFont': /'ABCDEE+Calibri', 'Encoding': /'WinAnsiEncoding', 'FontDescriptor': <PDFObjRef:7>, 'FirstChar': 32, 'LastChar': 122, 'Widths': <PDFObjRef:9>}
2025-07-03 15:24:52,724 - INFO - get_font: create: objid=10, spec={'Type': /'Font', 'Subtype': /'TrueType', 'Name': /'F2', 'BaseFont': /'Times New Roman', 'Encoding': /'WinAnsiEncoding', 'FontDescriptor': <PDFObjRef:11>, 'FirstChar': 32, 'LastChar': 46, 'Widths': <PDFObjRef:12>}
2025-07-03 15:24:52,724 - INFO - get_font: create: objid=13, spec={'Type': /'Font', 'Subtype': /'TrueType', 'Name': /'F3', 'BaseFont': /'ABCDEE+Calibri,Bold', 'Encoding': /'WinAnsiEncoding', 'FontDescriptor': <PDFObjRef:14>, 'FirstChar': 32, 'LastChar': 122, 'Widths': <PDFObjRef:16>}
2025-07-03 15:24:52,725 - INFO - get_font: create: objid=17, spec={'Type': /'Font', 'Subtype': /'Type0', 'BaseFont': /'ABCDEE+Calibri,Bold', 'Encoding': /'Identity-H', 'DescendantFonts': <PDFObjRef:18>, 'ToUnicode': <PDFObjRef:23>}
2025-07-03 15:24:52,725 - INFO - get_font: create: objid=None, spec={'BaseFont': /'ABCDEE+Calibri,Bold', 'Subtype': /'CIDFontType2', 'Type': /'Font', 'CIDToGIDMap': /'Identity', 'DW': 1000, 'CIDSystemInfo': <PDFObjRef:20>, 'FontDescriptor': <PDFObjRef:21>, 'W': <PDFObjRef:22>, 'Encoding': /'Identity-H', 'ToUnicode': <PDFStream(23): raw=228, {'Filter': /'FlateDecode', 'Length': 227}>}
2025-07-03 15:24:52,732 - INFO - get_font: create: objid=24, spec={'Type': /'Font', 'Subtype': /'TrueType', 'Name': /'F5', 'BaseFont': /'ABCDEE+Calibri,Italic', 'Encoding': /'WinAnsiEncoding', 'FontDescriptor': <PDFObjRef:25>, 'FirstChar': 32, 'LastChar': 122, 'Widths': <PDFObjRef:27>}
2025-07-03 15:24:52,733 - INFO - get_font: create: objid=28, spec={'Type': /'Font', 'Subtype': /'Type0', 'BaseFont': /'ABCDEE+Calibri', 'Encoding': /'Identity-H', 'DescendantFonts': <PDFObjRef:29>, 'ToUnicode': <PDFObjRef:34>}
2025-07-03 15:24:52,733 - INFO - get_font: create: objid=None, spec={'BaseFont': /'ABCDEE+Calibri', 'Subtype': /'CIDFontType2', 'Type': /'Font', 'CIDToGIDMap': /'Identity', 'DW': 1000, 'CIDSystemInfo': <PDFObjRef:31>, 'FontDescriptor': <PDFObjRef:32>, 'W': <PDFObjRef:33>, 'Encoding': /'Identity-H', 'ToUnicode': <PDFStream(34): raw=346, {'Filter': /'FlateDecode', 'Length': 345}>}
2025-07-03 15:24:52,742 - INFO - get_font: create: objid=35, spec={'Type': /'Font', 'Subtype': /'Type0', 'BaseFont': /'Arial', 'Encoding': /'Identity-H', 'DescendantFonts': <PDFObjRef:36>, 'ToUnicode': <PDFObjRef:42>}
2025-07-03 15:24:52,742 - INFO - get_font: create: objid=None, spec={'BaseFont': /'Arial', 'Subtype': /'CIDFontType2', 'Type': /'Font', 'CIDToGIDMap': /'Identity', 'DW': 1000, 'CIDSystemInfo': <PDFObjRef:38>, 'FontDescriptor': <PDFObjRef:39>, 'W': <PDFObjRef:41>, 'Encoding': /'Identity-H', 'ToUnicode': <PDFStream(42): raw=227, {'Filter': /'FlateDecode', 'Length': 226}>}
2025-07-03 15:24:52,745 - INFO - get_font: create: objid=43, spec={'Type': /'Font', 'Subtype': /'TrueType', 'Name': /'F8', 'BaseFont': /'Arial', 'Encoding': /'WinAnsiEncoding', 'FontDescriptor': <PDFObjRef:44>, 'FirstChar': 32, 'LastChar': 32, 'Widths': <PDFObjRef:45>}
2025-07-03 15:24:52,811 - INFO - Processing xobj: <PDFStream(48): raw=26, {'Type': /'XObject', 'Subtype': /'Image', 'Width': 28, 'Height': 28, 'ColorSpace': /'DeviceRGB', 'BitsPerComponent': 8, 'Interpolate': False, 'SMask': <PDFObjRef:49>, 'Filter': /'FlateDecode', 'Length': 25}>
2025-07-03 15:24:52,811 - INFO - Processing xobj: <PDFStream(50): raw=22, {'Type': /'XObject', 'Subtype': /'Image', 'Width': 27, 'Height': 20, 'ColorSpace': /'DeviceRGB', 'BitsPerComponent': 8, 'Interpolate': False, 'SMask': <PDFObjRef:51>, 'Filter': /'FlateDecode', 'Length': 21}>
2025-07-03 15:24:52,811 - INFO - Processing xobj: <PDFStream(52): raw=22, {'Type': /'XObject', 'Subtype': /'Image', 'Width': 23, 'Height': 23, 'ColorSpace': /'DeviceRGB', 'BitsPerComponent': 8, 'Interpolate': False, 'SMask': <PDFObjRef:53>, 'Filter': /'FlateDecode', 'Length': 21}>
2025-07-03 15:24:52,812 - INFO - Processing xobj: <PDFStream(54): raw=28, {'Type': /'XObject', 'Subtype': /'Image', 'Width': 1534, 'Height': 1, 'ColorSpace': /'DeviceRGB', 'BitsPerComponent': 8, 'Interpolate': False, 'SMask': <PDFObjRef:55>, 'Filter': /'FlateDecode', 'Length': 27}>
2025-07-03 15:24:52,812 - INFO - Processing xobj: <PDFStream(54): raw=28, {'Type': /'XObject', 'Subtype': /'Image', 'Width': 1534, 'Height': 1, 'ColorSpace': /'DeviceRGB', 'BitsPerComponent': 8, 'Interpolate': False, 'SMask': <PDFObjRef:55>, 'Filter': /'FlateDecode', 'Length': 27}>
2025-07-03 15:24:52,812 - INFO - Processing xobj: <PDFStream(54): raw=28, {'Type': /'XObject', 'Subtype': /'Image', 'Width': 1534, 'Height': 1, 'ColorSpace': /'DeviceRGB', 'BitsPerComponent': 8, 'Interpolate': False, 'SMask': <PDFObjRef:55>, 'Filter': /'FlateDecode', 'Length': 27}>
2025-07-03 15:24:52,812 - INFO - Processing xobj: <PDFStream(54): raw=28, {'Type': /'XObject', 'Subtype': /'Image', 'Width': 1534, 'Height': 1, 'ColorSpace': /'DeviceRGB', 'BitsPerComponent': 8, 'Interpolate': False, 'SMask': <PDFObjRef:55>, 'Filter': /'FlateDecode', 'Length': 27}>
2025-07-03 15:24:52,974 - INFO - 🗄️ Archived (ATA Score: 22.2%) → 66_RESUME.pdf
2025-07-03 15:24:53,003 - INFO - ✅ Matched (ATA Score: 44.4%) → 64_cv_3.docx
2025-07-03 15:24:53,003 - INFO - xref found: pos=b'376510'
2025-07-03 15:24:53,003 - INFO - read_xref_from: start=376510, token=/b'xref'
2025-07-03 15:24:53,004 - INFO - xref objects: {1: (None, 15, 0), 2: (None, 398, 0), 3: (None, 455, 0), 4: (None, 549, 0), 5: (None, 599, 0), 6: (None, 152, 0), 7: (None, 667, 0), 8: (None, 1064, 0), 9: (None, 1137, 0), 10: (None, 1689, 0), 11: (None, 1734, 0), 12: (None, 310818, 0), 13: (None, 310944, 0), 14: (None, 322353, 0), 15: (None, 322832, 0), 16: (None, 322911, 0), 17: (None, 323012, 0), 18: (None, 323121, 0), 19: (None, 323220, 0), 20: (None, 323835, 0), 21: (None, 323932, 0), 22: (None, 324011, 0), 23: (None, 324090, 0), 24: (None, 324164, 0), 25: (None, 324245, 0), 26: (None, 324321, 0), 27: (None, 324408, 0), 28: (None, 324503, 0), 29: (None, 324582, 0), 30: (None, 324693, 0), 31: (None, 324772, 0), 32: (None, 324879, 0), 33: (None, 324958, 0), 34: (None, 325059, 0), 35: (None, 325138, 0), 36: (None, 325261, 0), 37: (None, 325340, 0), 38: (None, 325447, 0), 39: (None, 325526, 0), 40: (None, 325645, 0), 41: (None, 325754, 0), 42: (None, 325833, 0), 43: (None, 325943, 0), 44: (None, 326035, 0), 45: (None, 326145, 0), 46: (None, 326744, 0), 47: (None, 326837, 0), 48: (None, 326946, 0), 49: (None, 327041, 0), 50: (None, 327540, 0), 51: (None, 327635, 0), 52: (None, 327714, 0), 53: (None, 327845, 0), 54: (None, 327929, 0), 55: (None, 328060, 0), 56: (None, 328165, 0), 57: (None, 328250, 0), 58: (None, 328351, 0), 59: (None, 328436, 0), 60: (None, 328539, 0), 61: (None, 328642, 0), 62: (None, 328741, 0), 63: (None, 328820, 0), 64: (None, 328980, 0), 65: (None, 329146, 0), 66: (None, 329319, 0), 67: (None, 329398, 0), 68: (None, 329477, 0), 69: (None, 329556, 0), 70: (None, 329635, 0), 71: (None, 329714, 0), 72: (None, 329793, 0), 73: (None, 329872, 0), 74: (None, 329951, 0), 75: (None, 330030, 0), 76: (None, 330070, 0), 77: (None, 330117, 0), 78: (None, 330490, 0), 79: (None, 330640, 0), 80: (None, 330792, 0), 81: (None, 330939, 0), 82: (None, 331087, 0), 83: (None, 331237, 0), 84: (None, 331392, 0), 85: (None, 331548, 0), 86: (None, 331700, 0), 87: (None, 331853, 0), 88: (None, 331948, 0), 89: (None, 332021, 0), 90: (None, 332094, 0), 91: (None, 332167, 0), 92: (None, 332551, 0), 93: (None, 332972, 0), 94: (None, 333312, 0), 95: (None, 333704, 0), 96: (None, 334106, 0), 97: (None, 334519, 0), 98: (None, 334806, 0), 99: (None, 335190, 0), 100: (None, 335439, 0), 101: (None, 335798, 0), 102: (None, 336319, 0), 103: (None, 336818, 0), 104: (None, 337105, 0), 105: (None, 337478, 0), 106: (None, 337815, 0), 107: (None, 338221, 0), 108: (None, 338645, 0), 109: (None, 339094, 0), 110: (None, 339172, 0), 111: (None, 339250, 0), 112: (None, 339328, 0), 113: (None, 339534, 0), 114: (None, 339610, 0), 115: (None, 339818, 0), 116: (None, 339894, 0), 117: (None, 340098, 0), 118: (None, 340174, 0), 119: (None, 340378, 0), 120: (None, 340454, 0), 121: (None, 340660, 0), 122: (None, 340736, 0), 123: (None, 340944, 0), 124: (None, 341020, 0), 125: (None, 341230, 0), 126: (None, 341306, 0), 127: (None, 341513, 0), 128: (None, 341589, 0), 129: (None, 341795, 0), 130: (None, 341871, 0), 131: (None, 341948, 0), 132: (None, 342025, 0), 133: (None, 342102, 0), 134: (None, 347235, 0), 135: (None, 351898, 0), 136: (None, 355035, 0), 137: (None, 357126, 0), 138: (None, 358544, 0), 139: (None, 364884, 0), 140: (None, 368768, 0), 141: (None, 371144, 0)}
2025-07-03 15:24:53,004 - INFO - trailer: {'Root': <PDFObjRef:1>, 'Info': <PDFObjRef:6>, 'ID': [b'\x1c\xb4e\x93\xf1V\xd7\xd2\x82 \x15\xe1\xc4E\xd2"', b'\x1c\xb4e\x93\xf1V\xd7\xd2\x82 \x15\xe1\xc4E\xd2"'], 'Size': 142}
2025-07-03 15:24:53,023 - INFO - trailer: {'Root': <PDFObjRef:1>, 'Info': <PDFObjRef:6>, 'ID': [b'\x1c\xb4e\x93\xf1V\xd7\xd2\x82 \x15\xe1\xc4E\xd2"', b'\x1c\xb4e\x93\xf1V\xd7\xd2\x82 \x15\xe1\xc4E\xd2"'], 'Size': 142}
2025-07-03 15:24:53,023 - INFO - Pages: Kids=[<PDFObjRef:7>]
2025-07-03 15:24:53,023 - INFO - Page: {'Type': /'Page', 'Resources': {'ProcSet': [/'PDF', /'Text', /'ImageB', /'ImageC', /'ImageI'], 'ExtGState': <PDFObjRef:10>, 'XObject': {'X7': <PDFObjRef:11>}, 'Font': <PDFObjRef:12>}, 'MediaBox': [0.0, 7.8299813, 595.5, 850.07996], 'Contents': <PDFObjRef:13>, 'StructParents': 0, 'Parent': <PDFObjRef:2>, 'Tabs': /'S', 'BleedBox': [0.0, 7.8299813, 595.5, 850.07996], 'TrimBox': [0.0, 7.8299813, 595.5, 850.07996], 'CropBox': [0.0, 7.8299813, 595.5, 850.07996], 'Rotate': 0, 'Annots': []}
2025-07-03 15:24:53,023 - INFO - Processing page: <PDFPage: Resources={'ProcSet': [/'PDF', /'Text', /'ImageB', /'ImageC', /'ImageI'], 'ExtGState': <PDFObjRef:10>, 'XObject': {'X7': <PDFObjRef:11>}, 'Font': <PDFObjRef:12>}, MediaBox=[0.0, 7.8299813, 595.5, 850.07996]>
2025-07-03 15:24:53,023 - INFO - render_contents: resources={'ProcSet': [/'PDF', /'Text', /'ImageB', /'ImageC', /'ImageI'], 'ExtGState': <PDFObjRef:10>, 'XObject': {'X7': <PDFObjRef:11>}, 'Font': <PDFObjRef:12>}, streams=[<PDFStream(13): raw=11334, {'Length': 11332, 'Filter': /'FlateDecode'}>], ctm=(1, 0, 0, 1, -0.0, -7.8299813)
2025-07-03 15:24:53,024 - INFO - get_font: create: objid=78, spec={'Type': /'Font', 'Subtype': /'Type0', 'BaseFont': /'AAAAAA+Montserrat-Bold', 'Encoding': /'Identity-H', 'DescendantFonts': [<PDFObjRef:91>], 'ToUnicode': <PDFObjRef:92>}
2025-07-03 15:24:53,024 - INFO - get_font: create: objid=None, spec={'Type': /'Font', 'FontDescriptor': <PDFObjRef:112>, 'BaseFont': /'AAAAAA+Montserrat-Bold', 'Subtype': /'CIDFontType2', 'CIDToGIDMap': /'Identity', 'CIDSystemInfo': <PDFObjRef:113>, 'W': [0, [587, 0, 0, 283], 33, [733], 48, [671], 168, [732], 399, [617], 442, [631], 477, [691], 483, [301], 517, [1049, 0, 691], 530, [655], 568, [431], 590, [435], 598, [687], 622, [598], 1486, [679, 392, 590], 1634, [357, 358], 1646, [386]], 'DW': 637, 'Encoding': /'Identity-H', 'ToUnicode': <PDFStream(92): raw=348, {'Length': 346, 'Filter': /'FlateDecode'}>}
2025-07-03 15:24:53,025 - INFO - get_font: create: objid=79, spec={'Type': /'Font', 'Subtype': /'Type0', 'BaseFont': /'BAAAAA+Montserrat-Medium', 'Encoding': /'Identity-H', 'DescendantFonts': [<PDFObjRef:93>], 'ToUnicode': <PDFObjRef:94>}
2025-07-03 15:24:53,025 - INFO - get_font: create: objid=None, spec={'Type': /'Font', 'FontDescriptor': <PDFObjRef:114>, 'BaseFont': /'BAAAAA+Montserrat-Medium', 'Subtype': /'CIDFontType2', 'CIDToGIDMap': /'Identity', 'CIDSystemInfo': <PDFObjRef:115>, 'W': [0, [587, 0, 0, 269], 32, [757], 88, [310], 133, [840], 399, [598], 428, [571], 442, [612], 469, [690], 477, [681], 519, [681], 530, [635], 565, [682, 0, 0, 410], 576, [501], 590, [414]], 'DW': 279, 'Encoding': /'Identity-H', 'ToUnicode': <PDFStream(94): raw=319, {'Length': 317, 'Filter': /'FlateDecode'}>}
2025-07-03 15:24:53,026 - INFO - get_font: create: objid=80, spec={'Type': /'Font', 'Subtype': /'Type0', 'BaseFont': /'CAAAAA+Poppins-Bold', 'Encoding': /'Identity-H', 'DescendantFonts': [<PDFObjRef:95>], 'ToUnicode': <PDFObjRef:96>}
2025-07-03 15:24:53,027 - INFO - get_font: create: objid=None, spec={'Type': /'Font', 'FontDescriptor': <PDFObjRef:116>, 'BaseFont': /'CAAAAA+Poppins-Bold', 'Subtype': /'CIDFontType2', 'CIDToGIDMap': /'Identity', 'CIDSystemInfo': <PDFObjRef:117>, 'W': [0, [500, 0, 0, 212], 675, [652, 376, 571, 605, 0, 650], 692, [737, 659, 762, 727, 541, 0, 0, 731, 0, 0, 697, 477, 918, 0, 0, 0, 788, 652, 615, 0, 705, 0, 1052, 0, 0, 596], 726, [605], 728, [616, 360, 0, 674, 295, 0, 618, 295, 1059, 674, 637], 741, [428, 558, 406, 674, 626, 0, 588, 632]], 'DW': 679, 'Encoding': /'Identity-H', 'ToUnicode': <PDFStream(96): raw=340, {'Length': 338, 'Filter': /'FlateDecode'}>}
2025-07-03 15:24:53,028 - INFO - get_font: create: objid=81, spec={'Type': /'Font', 'Subtype': /'Type0', 'BaseFont': /'DAAAAA+Poppins-Light', 'Encoding': /'Identity-H', 'DescendantFonts': [<PDFObjRef:97>], 'ToUnicode': <PDFObjRef:98>}
2025-07-03 15:24:53,028 - INFO - get_font: create: objid=None, spec={'Type': /'Font', 'FontDescriptor': <PDFObjRef:118>, 'BaseFont': /'DAAAAA+Poppins-Light', 'Subtype': /'CIDFontType2', 'CIDToGIDMap': /'Identity', 'CIDSystemInfo': <PDFObjRef:119>, 'W': [0, [500], 672, [519, 182, 0, 616, 292, 572, 585, 613, 617, 0, 533, 0, 625], 691, [1002], 726, [613], 732, 735, 229, 736, [1022, 0, 642]], 'DW': 675, 'Encoding': /'Identity-H', 'ToUnicode': <PDFStream(98): raw=311, {'Length': 309, 'Filter': /'FlateDecode'}>}
2025-07-03 15:24:53,029 - INFO - get_font: create: objid=82, spec={'Type': /'Font', 'Subtype': /'Type0', 'BaseFont': /'EAAAAA+Poppins-Medium', 'Encoding': /'Identity-H', 'DescendantFonts': [<PDFObjRef:99>], 'ToUnicode': <PDFObjRef:100>}
2025-07-03 15:24:53,029 - INFO - get_font: create: objid=None, spec={'Type': /'Font', 'FontDescriptor': <PDFObjRef:120>, 'BaseFont': /'EAAAAA+Poppins-Medium', 'Subtype': /'CIDFontType2', 'CIDToGIDMap': /'Identity', 'CIDSystemInfo': <PDFObjRef:121>, 'W': [0, [500], 704, [882, 0, 0, 595], 724, [678, 0, 0, 0, 617, 0, 678], 738, [638, 0, 0, 0, 534]], 'DW': 649, 'Encoding': /'Identity-H', 'ToUnicode': <PDFStream(100): raw=285, {'Length': 283, 'Filter': /'FlateDecode'}>}
2025-07-03 15:24:53,029 - INFO - get_font: create: objid=83, spec={'Type': /'Font', 'Subtype': /'Type0', 'BaseFont': /'FAAAAA+Montserrat-Regular', 'Encoding': /'Identity-H', 'DescendantFonts': [<PDFObjRef:101>], 'ToUnicode': <PDFObjRef:102>}
2025-07-03 15:24:53,030 - INFO - get_font: create: objid=None, spec={'Type': /'Font', 'FontDescriptor': <PDFObjRef:122>, 'BaseFont': /'FAAAAA+Montserrat-Regular', 'Subtype': /'CIDFontType2', 'CIDToGIDMap': /'Identity', 'CIDSystemInfo': <PDFObjRef:123>, 'W': [0, [587, 0, 0, 262], 32, [754], 74, [773], 88, [302], 120, [955], 133, [839], 168, [718], 179, [615], 225, [1111], 399, [590], 428, [563], 442, [604], 468, [339, 686], 477, [677], 483, [269], 504, [601, 0, 0, 0, 269], 517, [1061, 0, 677], 530, [627], 568, [401], 576, [489], 590, [406], 598, [673], 622, [542, 879], 628, [534, 542], 639, [511], 1611, 1616, 212, 1634, 1635, 329, 1646, [382]], 'DW': 678, 'Encoding': /'Identity-H', 'ToUnicode': <PDFStream(102): raw=425, {'Length': 423, 'Filter': /'FlateDecode'}>}
2025-07-03 15:24:53,031 - INFO - get_font: create: objid=84, spec={'Type': /'Font', 'Subtype': /'Type0', 'BaseFont': /'GAAAAA+Montserrat-SemiBold', 'Encoding': /'Identity-H', 'DescendantFonts': [<PDFObjRef:103>], 'ToUnicode': <PDFObjRef:104>}
2025-07-03 15:24:53,031 - INFO - get_font: create: objid=None, spec={'Type': /'Font', 'FontDescriptor': <PDFObjRef:124>, 'BaseFont': /'GAAAAA+Montserrat-SemiBold', 'Subtype': /'CIDFontType2', 'CIDToGIDMap': /'Identity', 'CIDSystemInfo': <PDFObjRef:125>, 'W': [0, [587, 0, 0, 276, 749], 32, [761, 727], 48, [670], 74, [772], 88, [319], 110, [599], 171, [731], 179, [629], 193, [602]], 'DW': 810, 'Encoding': /'Identity-H', 'ToUnicode': <PDFStream(104): raw=299, {'Length': 297, 'Filter': /'FlateDecode'}>}
2025-07-03 15:24:53,032 - INFO - get_font: create: objid=85, spec={'Type': /'Font', 'Subtype': /'Type0', 'BaseFont': /'HAAAAA+Poppins-Regular', 'Encoding': /'Identity-H', 'DescendantFonts': [<PDFObjRef:105>], 'ToUnicode': <PDFObjRef:106>}
2025-07-03 15:24:53,033 - INFO - get_font: create: objid=None, spec={'Type': /'Font', 'FontDescriptor': <PDFObjRef:126>, 'BaseFont': /'HAAAAA+Poppins-Regular', 'Subtype': /'CIDFontType2', 'CIDToGIDMap': /'Identity', 'CIDSystemInfo': <PDFObjRef:127>, 'W': [0, [500, 0, 0, 267], 692, [674, 0, 772, 0, 513], 704, [861, 0, 786, 579, 0, 0, 587, 541], 726, [607, 0, 620], 731, [640, 246, 0, 0, 246, 1030, 640, 640], 741, [373, 522, 364, 0, 561, 0, 479, 0, 455]], 'DW': 676, 'Encoding': /'Identity-H', 'ToUnicode': <PDFStream(106): raw=332, {'Length': 330, 'Filter': /'FlateDecode'}>}
2025-07-03 15:24:53,033 - INFO - get_font: create: objid=86, spec={'Type': /'Font', 'Subtype': /'Type0', 'BaseFont': /'IAAAAA+Montserrat-Light', 'Encoding': /'Identity-H', 'DescendantFonts': [<PDFObjRef:107>], 'ToUnicode': <PDFObjRef:108>}
2025-07-03 15:24:53,034 - INFO - get_font: create: objid=None, spec={'Type': /'Font', 'FontDescriptor': <PDFObjRef:128>, 'BaseFont': /'IAAAAA+Montserrat-Light', 'Subtype': /'CIDFontType2', 'CIDToGIDMap': /'Identity', 'CIDSystemInfo': <PDFObjRef:129>, 'W': [0, [587, 0, 0, 257], 88, [295], 133, [838], 171, [720], 399, [583], 428, [555], 442, [597], 468, [328, 682], 477, [673], 483, [261], 504, [588, 0, 0, 0, 261], 517, [1064, 0, 673], 530, [620], 568, [394], 576, [478], 590, [398], 598, [669], 622, [528, 862], 629, [528], 1616, [200]], 'DW': 675, 'Encoding': /'Identity-H', 'ToUnicode': <PDFStream(108): raw=375, {'Length': 373, 'Filter': /'FlateDecode'}>}
2025-07-03 15:24:53,057 - INFO - Processing xobj: <PDFStream(11): raw=308903, {'Length': 308901, 'Type': /'XObject', 'Subtype': /'Image', 'Width': 269, 'Height': 441, 'ColorSpace': [/'ICCBased', <PDFObjRef:77>], 'BitsPerComponent': 8, 'Filter': /'FlateDecode'}>
2025-07-03 15:24:53,252 - INFO - 🗄️ Archived (ATA Score: 0.0%) → 66_Qadeer-CV.pdf
2025-07-03 15:24:53,277 - INFO - ✅ Matched (ATA Score: 44.4%) → 64_cv_5.docx
2025-07-03 15:24:53,387 - INFO - 🗄️ Archived (ATA Score: 22.2%) → 64_basit.docx
2025-07-03 15:24:54,719 - INFO - 📊 Summary: 9 CVs processed, 9 matched and saved.
2025-07-03 15:24:54,721 - INFO - ✅ Results saved to filtered.csv at /Users/abdulwaseo/PycharmProjects/JupyterProject2/CV_automation/filtered.csv
2025-07-03 15:24:54,726 - INFO - ✅ Pipeline Completed in 13.87 seconds
