2025-06-26 18:30:30,107 - INFO - Successfully processed CVs/cv_4.pdf
2025-06-26 18:30:30,158 - INFO - Successfully processed CVs/cv_2.pdf
2025-06-26 18:30:30,189 - INFO - Successfully processed CVs/cv_1.docx
2025-06-26 18:30:30,219 - INFO - Successfully processed CVs/cv_5.docx
2025-06-26 18:30:30,245 - INFO - Successfully processed CVs/cv_3.docx
2025-06-26 18:45:11,198 - INFO - Successfully processed CVs/cv_4.pdf
2025-06-26 18:45:11,242 - INFO - Successfully processed CVs/cv_2.pdf
2025-06-26 18:45:11,275 - INFO - Successfully processed CVs/cv_1.docx
2025-06-26 18:45:11,304 - INFO - Successfully processed CVs/cv_5.docx
2025-06-26 18:45:11,329 - INFO - Successfully processed CVs/cv_3.docx
2025-06-26 18:51:35,535 - INFO - Successfully processed CVs/cv_4.pdf
2025-06-26 18:51:35,576 - INFO - Successfully processed CVs/cv_2.pdf
2025-06-26 18:51:35,609 - INFO - Successfully processed CVs/cv_1.docx
2025-06-26 18:51:35,638 - INFO - Successfully processed CVs/cv_5.docx
2025-06-26 18:51:35,664 - INFO - Successfully processed CVs/cv_3.docx
2025-06-26 18:53:43,060 - INFO - Successfully processed CVs/cv_4.pdf
2025-06-26 18:53:43,100 - INFO - Successfully processed CVs/cv_2.pdf
2025-06-26 18:53:43,134 - INFO - Successfully processed CVs/cv_1.docx
2025-06-26 18:53:43,163 - INFO - Successfully processed CVs/cv_5.docx
2025-06-26 18:53:43,189 - INFO - Successfully processed CVs/cv_3.docx
2025-06-26 18:56:16,847 - INFO - Successfully processed CVs/cv_4.pdf
2025-06-26 18:56:16,892 - INFO - Successfully processed CVs/cv_2.pdf
2025-06-26 18:56:16,925 - INFO - Successfully processed CVs/cv_1.docx
2025-06-26 18:56:16,954 - INFO - Successfully processed CVs/cv_5.docx
2025-06-26 18:56:16,979 - INFO - Successfully processed CVs/cv_3.docx
2025-06-26 18:58:14,582 - INFO - Successfully processed CVs/cv_4.pdf
2025-06-26 18:58:14,624 - INFO - Successfully processed CVs/cv_2.pdf
2025-06-26 18:58:14,656 - INFO - Successfully processed CVs/cv_1.docx
2025-06-26 18:58:14,686 - INFO - Successfully processed CVs/cv_5.docx
2025-06-26 18:58:14,713 - INFO - Successfully processed CVs/cv_3.docx
2025-06-26 19:02:50,418 - INFO - Successfully processed CVs/cv_4.pdf
2025-06-26 19:02:50,460 - INFO - Successfully processed CVs/cv_2.pdf
2025-06-26 19:02:50,497 - INFO - Successfully processed CVs/cv_1.docx
2025-06-26 19:02:50,530 - INFO - Successfully processed CVs/cv_5.docx
2025-06-26 19:02:50,556 - INFO - Successfully processed CVs/cv_3.docx
2025-06-27 16:00:23,482 - INFO - Successfully processed CVs/cv_4.pdf
2025-06-27 16:00:23,524 - INFO - Successfully processed CVs/cv_2.pdf
2025-06-27 16:00:23,558 - INFO - Successfully processed CVs/cv_1.docx
2025-06-27 16:00:23,588 - INFO - Successfully processed CVs/cv_5.docx
2025-06-27 16:00:23,616 - INFO - Successfully processed CVs/cv_3.docx
2025-06-27 16:04:47,727 - INFO - Successfully processed CVs/cv_4.pdf
2025-06-27 16:04:47,770 - INFO - Successfully processed CVs/cv_2.pdf
2025-06-27 16:04:47,803 - INFO - Successfully processed CVs/cv_1.docx
2025-06-27 16:04:47,833 - INFO - Successfully processed CVs/cv_5.docx
2025-06-27 16:04:47,859 - INFO - Successfully processed CVs/cv_3.docx
2025-06-27 16:08:12,755 - INFO - Successfully processed CVs/cv_4.pdf
2025-06-27 16:08:12,796 - INFO - Successfully processed CVs/cv_2.pdf
2025-06-27 16:08:12,827 - INFO - Successfully processed CVs/cv_1.docx
2025-06-27 16:08:12,856 - INFO - Successfully processed CVs/cv_5.docx
2025-06-27 16:08:12,881 - INFO - Successfully processed CVs/cv_3.docx
2025-06-27 16:19:08,322 - INFO - Successfully processed CVs/cv_4.pdf
2025-06-27 16:19:08,368 - INFO - Successfully processed CVs/cv_2.pdf
2025-06-27 16:19:08,400 - INFO - Successfully processed CVs/cv_1.docx
2025-06-27 16:19:08,429 - INFO - Successfully processed CVs/cv_5.docx
2025-06-27 16:19:08,454 - INFO - Successfully processed CVs/cv_3.docx
2025-06-27 16:24:25,825 - INFO - Successfully processed CVs/cv_4.pdf
2025-06-27 16:24:25,867 - INFO - Successfully processed CVs/cv_2.pdf
2025-06-27 16:24:25,899 - INFO - Successfully processed CVs/cv_1.docx
2025-06-27 16:24:25,928 - INFO - Successfully processed CVs/cv_5.docx
2025-06-27 16:24:25,953 - INFO - Successfully processed CVs/cv_3.docx
2025-06-27 16:27:47,774 - INFO - Successfully processed CVs/cv_4.pdf
2025-06-27 16:27:47,814 - INFO - Successfully processed CVs/cv_2.pdf
2025-06-27 16:27:47,846 - INFO - Successfully processed CVs/cv_1.docx
2025-06-27 16:27:47,875 - INFO - Successfully processed CVs/cv_5.docx
2025-06-27 16:27:47,900 - INFO - Successfully processed CVs/cv_3.docx
2025-06-27 16:30:18,493 - INFO - Successfully processed CVs/cv_4.pdf
2025-06-27 16:30:18,535 - INFO - Successfully processed CVs/cv_2.pdf
2025-06-27 16:30:18,567 - INFO - Successfully processed CVs/cv_1.docx
2025-06-27 16:30:18,596 - INFO - Successfully processed CVs/cv_5.docx
2025-06-27 16:30:18,620 - INFO - Successfully processed CVs/cv_3.docx
2025-06-27 16:32:26,703 - INFO - Successfully processed CVs/cv_4.pdf
2025-06-27 16:32:26,747 - INFO - Successfully processed CVs/cv_2.pdf
2025-06-27 16:32:26,780 - INFO - Successfully processed CVs/cv_1.docx
2025-06-27 16:32:26,812 - INFO - Successfully processed CVs/cv_5.docx
2025-06-27 16:32:26,836 - INFO - Successfully processed CVs/cv_3.docx
2025-06-27 16:37:22,263 - INFO - Successfully processed CVs/cv_4.pdf
2025-06-27 16:37:22,343 - INFO - Successfully processed CVs/cv_2.pdf
2025-06-27 16:37:22,428 - INFO - Successfully processed CVs/cv_1.docx
2025-06-27 16:37:22,480 - INFO - Successfully processed CVs/cv_5.docx
2025-06-27 16:37:22,555 - INFO - Successfully processed CVs/cv_3.docx
2025-06-27 16:48:22,676 - INFO - Successfully processed CVs/cv_4.pdf
2025-06-27 16:48:22,718 - INFO - Successfully processed CVs/cv_2.pdf
2025-06-27 16:48:22,749 - INFO - Successfully processed CVs/cv_1.docx
2025-06-27 16:48:22,778 - INFO - Successfully processed CVs/cv_5.docx
2025-06-27 16:48:22,803 - INFO - Successfully processed CVs/cv_3.docx
2025-06-27 16:54:33,962 - INFO - Successfully processed CVs/cv_4.pdf
2025-06-27 16:54:34,004 - INFO - Successfully processed CVs/cv_2.pdf
2025-06-27 16:54:34,036 - INFO - Successfully processed CVs/cv_1.docx
2025-06-27 16:54:34,065 - INFO - Successfully processed CVs/cv_5.docx
2025-06-27 16:54:34,090 - INFO - Successfully processed CVs/cv_3.docx
2025-06-27 17:05:46,785 - INFO - Successfully processed CVs/19_cv_1.docx
2025-06-27 17:05:46,827 - INFO - Successfully processed CVs/12_cv_4.pdf
2025-06-27 17:05:46,850 - INFO - Successfully processed CVs/26_cv_4.pdf
2025-06-27 17:05:46,874 - INFO - Successfully processed CVs/15_cv_1.docx
2025-06-27 17:05:46,900 - INFO - Successfully processed CVs/20_cv_4.pdf
2025-06-27 17:05:46,923 - INFO - Successfully processed CVs/22_cv_5.docx
2025-06-27 17:05:46,947 - INFO - Successfully processed CVs/14_cv_2.pdf
2025-06-27 17:05:46,973 - INFO - Successfully processed CVs/11_cv_5.docx
2025-06-27 17:05:46,997 - INFO - Successfully processed CVs/25_cv_2.pdf
2025-06-27 17:05:47,019 - INFO - Successfully processed CVs/23_cv_2.pdf
2025-06-27 17:05:47,044 - INFO - Successfully processed CVs/21_cv_3.docx
2025-06-27 17:05:47,069 - INFO - Successfully processed CVs/24_cv_1.docx
2025-06-27 17:22:27,904 - INFO - Successfully processed CVs/19_cv_1.docx
2025-06-27 17:22:27,946 - INFO - Successfully processed CVs/12_cv_4.pdf
2025-06-27 17:22:27,968 - INFO - Successfully processed CVs/26_cv_4.pdf
2025-06-27 17:22:27,992 - INFO - Successfully processed CVs/15_cv_1.docx
2025-06-27 17:22:28,018 - INFO - Successfully processed CVs/20_cv_4.pdf
2025-06-27 17:22:28,041 - INFO - Successfully processed CVs/22_cv_5.docx
2025-06-27 17:22:28,065 - INFO - Successfully processed CVs/14_cv_2.pdf
2025-06-27 17:22:28,092 - INFO - Successfully processed CVs/11_cv_5.docx
2025-06-27 17:22:28,115 - INFO - Successfully processed CVs/25_cv_2.pdf
2025-06-27 17:22:28,137 - INFO - Successfully processed CVs/23_cv_2.pdf
2025-06-27 17:22:28,162 - INFO - Successfully processed CVs/21_cv_3.docx
2025-06-27 17:22:28,187 - INFO - Successfully processed CVs/24_cv_1.docx
2025-06-27 17:29:11,394 - INFO - Successfully processed CVs/19_cv_1.docx
2025-06-27 17:29:11,436 - INFO - Successfully processed CVs/12_cv_4.pdf
2025-06-27 17:29:11,459 - INFO - Successfully processed CVs/26_cv_4.pdf
2025-06-27 17:29:11,483 - INFO - Successfully processed CVs/15_cv_1.docx
2025-06-27 17:29:11,509 - INFO - Successfully processed CVs/20_cv_4.pdf
2025-06-27 17:29:11,534 - INFO - Successfully processed CVs/37_cv.docx
2025-06-27 17:29:11,643 - INFO - Successfully processed CVs/22_cv_5.docx
2025-06-27 17:29:11,665 - INFO - Successfully processed CVs/14_cv_2.pdf
2025-06-27 17:29:11,693 - INFO - Successfully processed CVs/11_cv_5.docx
2025-06-27 17:29:11,715 - INFO - Successfully processed CVs/25_cv_2.pdf
2025-06-27 17:29:11,738 - INFO - Successfully processed CVs/23_cv_2.pdf
2025-06-27 17:29:11,765 - INFO - Successfully processed CVs/21_cv_3.docx
2025-06-27 17:29:11,790 - INFO - Successfully processed CVs/24_cv_1.docx
2025-06-27 17:33:51,548 - INFO - Successfully processed CVs/19_cv_1.docx
2025-06-27 17:33:51,594 - INFO - Successfully processed CVs/12_cv_4.pdf
2025-06-27 17:33:51,616 - INFO - Successfully processed CVs/26_cv_4.pdf
2025-06-27 17:33:51,640 - INFO - Successfully processed CVs/15_cv_1.docx
2025-06-27 17:33:51,666 - INFO - Successfully processed CVs/20_cv_4.pdf
2025-06-27 17:33:51,691 - INFO - Successfully processed CVs/37_cv.docx
2025-06-27 17:33:51,799 - INFO - Successfully processed CVs/22_cv_5.docx
2025-06-27 17:33:51,821 - INFO - Successfully processed CVs/14_cv_2.pdf
2025-06-27 17:33:51,849 - INFO - Successfully processed CVs/11_cv_5.docx
2025-06-27 17:33:51,871 - INFO - Successfully processed CVs/25_cv_2.pdf
2025-06-27 17:33:51,893 - INFO - Successfully processed CVs/23_cv_2.pdf
2025-06-27 17:33:51,923 - INFO - Successfully processed CVs/21_cv_3.docx
2025-06-27 17:33:51,948 - INFO - Successfully processed CVs/24_cv_1.docx
2025-06-27 17:38:24,236 - INFO - Successfully processed CVs/19_cv_1.docx
2025-06-27 17:38:24,278 - INFO - Successfully processed CVs/12_cv_4.pdf
2025-06-27 17:38:24,300 - INFO - Successfully processed CVs/26_cv_4.pdf
2025-06-27 17:38:24,324 - INFO - Successfully processed CVs/15_cv_1.docx
2025-06-27 17:38:24,349 - INFO - Successfully processed CVs/20_cv_4.pdf
2025-06-27 17:38:24,374 - INFO - Successfully processed CVs/37_cv.docx
2025-06-27 17:38:24,484 - INFO - Successfully processed CVs/22_cv_5.docx
2025-06-27 17:38:24,506 - INFO - Successfully processed CVs/14_cv_2.pdf
2025-06-27 17:38:24,536 - INFO - Successfully processed CVs/11_cv_5.docx
2025-06-27 17:38:24,557 - INFO - Successfully processed CVs/25_cv_2.pdf
2025-06-27 17:38:24,580 - INFO - Successfully processed CVs/23_cv_2.pdf
2025-06-27 17:38:24,608 - INFO - Successfully processed CVs/21_cv_3.docx
2025-06-27 17:38:24,632 - INFO - Successfully processed CVs/24_cv_1.docx
2025-06-27 22:59:18,290 - INFO - Successfully processed CVs/19_cv_1.docx
2025-06-27 22:59:18,336 - INFO - Successfully processed CVs/20_cv_4.pdf
2025-06-27 22:59:18,366 - INFO - Successfully processed CVs/22_cv_5.docx
2025-06-27 22:59:18,390 - INFO - Successfully processed CVs/23_cv_2.pdf
2025-06-27 22:59:18,418 - INFO - Successfully processed CVs/21_cv_3.docx
2025-06-27 23:46:53,531 - INFO - Successfully processed CVs/19_cv_1.docx
2025-06-27 23:46:53,577 - INFO - Successfully processed CVs/20_cv_4.pdf
2025-06-27 23:46:53,603 - INFO - Successfully processed CVs/22_cv_5.docx
2025-06-27 23:46:53,626 - INFO - Successfully processed CVs/23_cv_2.pdf
2025-06-27 23:46:53,653 - INFO - Successfully processed CVs/21_cv_3.docx
2025-06-27 23:50:40,745 - INFO - Successfully processed CVs/19_cv_1.docx
2025-06-27 23:50:40,799 - INFO - Successfully processed CVs/49_cv_6.docx
2025-06-27 23:50:40,910 - INFO - Successfully processed CVs/20_cv_4.pdf
2025-06-27 23:50:40,936 - INFO - Successfully processed CVs/22_cv_5.docx
2025-06-27 23:50:40,959 - INFO - Successfully processed CVs/23_cv_2.pdf
2025-06-27 23:50:40,988 - INFO - Successfully processed CVs/21_cv_3.docx
2025-06-27 23:52:45,501 - INFO - Successfully processed CVs/19_cv_1.docx
2025-06-27 23:52:45,553 - INFO - Successfully processed CVs/49_cv_6.docx
2025-06-27 23:52:45,665 - INFO - Successfully processed CVs/20_cv_4.pdf
2025-06-27 23:52:45,694 - INFO - Successfully processed CVs/22_cv_5.docx
2025-06-27 23:52:45,720 - INFO - Successfully processed CVs/23_cv_2.pdf
2025-06-27 23:52:45,751 - INFO - Successfully processed CVs/21_cv_3.docx
2025-06-27 23:56:36,595 - INFO - Successfully processed CVs/19_cv_1.docx
2025-06-27 23:56:36,640 - INFO - Successfully processed CVs/49_cv_6.docx
2025-06-27 23:56:36,747 - INFO - Successfully processed CVs/20_cv_4.pdf
2025-06-27 23:56:36,773 - INFO - Successfully processed CVs/22_cv_5.docx
2025-06-27 23:56:36,795 - INFO - Successfully processed CVs/23_cv_2.pdf
2025-06-27 23:56:36,823 - INFO - Successfully processed CVs/21_cv_3.docx
2025-06-27 23:59:00,571 - INFO - Successfully processed CVs/19_cv_1.docx
2025-06-27 23:59:00,623 - INFO - Successfully processed CVs/49_cv_6.docx
2025-06-27 23:59:00,735 - INFO - Successfully processed CVs/20_cv_4.pdf
2025-06-27 23:59:00,765 - INFO - Successfully processed CVs/22_cv_5.docx
2025-06-27 23:59:00,791 - INFO - Successfully processed CVs/23_cv_2.pdf
2025-06-27 23:59:00,824 - INFO - Successfully processed CVs/21_cv_3.docx
2025-06-28 00:21:17,903 - INFO - Successfully processed CVs/54_cv_6.docx
2025-06-28 00:28:46,182 - INFO - Successfully processed CVs/54_cv_6.docx
2025-06-28 00:32:02,893 - INFO - Successfully processed CVs/cv_6.docx
2025-06-28 00:35:35,671 - INFO - Successfully processed CVs/cv_6.docx
2025-06-28 00:40:17,597 - INFO - Successfully processed CVs/cv_6.docx
2025-06-28 00:45:59,323 - INFO - Successfully processed CVs/cv_6.docx
2025-06-28 00:49:49,145 - INFO - Successfully processed CVs/54_cv_6.docx
2025-06-28 02:03:01,848 - ERROR - ❌ Failed to convert/read DOC: CVs/55_CV_7.doc - [Errno 2] No such file or directory: 'libreoffice'
2025-06-28 02:05:52,158 - ERROR - ❌ Failed to convert/read DOC: CVs/55_CV_7.doc - [Errno 2] No such file or directory: 'libreoffice'
2025-06-28 02:05:52,166 - ERROR - ❌ Failed to convert/read DOC: CVs/53_cv_7.doc - [Errno 2] No such file or directory: 'libreoffice'
2025-06-28 02:05:52,173 - ERROR - ❌ Failed to convert/read DOC: CVs/56_CV_7.doc - [Errno 2] No such file or directory: 'libreoffice'
2025-06-28 02:05:52,186 - INFO - ✅ Successfully processed CVs/54_cv_6.docx
2025-06-28 02:07:54,451 - INFO - ✅ Successfully processed CVs/54_cv_6.docx
